#
# A fatal error has been detected by the Java Runtime Environment:
#
#  EXCEPTION_ACCESS_VIOLATION (0xc0000005) at pc=0x000000000748e22f, pid=2008, tid=0x000000000000189c
#
# JRE version: OpenJDK Runtime Environment (8.0_152-b01) (build 1.8.0_152-release-1343-b01)
# Java VM: OpenJDK 64-Bit Server VM (25.152-b01 mixed mode windows-amd64 compressed oops)
# Problematic frame:
# J 21540 C1 java.util.concurrent.ConcurrentHashMap$CollectionView.toArray()[Ljava/lang/Object; (145 bytes) @ 0x000000000748e22f [0x000000000748da80+0x7af]
#
# Failed to write core dump. Minidumps are not enabled by default on client versions of Windows
#
# If you would like to submit a bug report, please visit:
#   http://bugreport.java.com/bugreport/crash.jsp
#

---------------  T H R E A D  ---------------

Current thread (0x000000001a50e800):  JavaThread "Execution worker for ':' Thread 2" [_thread_in_Java, id=6300, stack(0x00000000368d0000,0x00000000369d0000)]

siginfo: ExceptionCode=0xc0000005, reading address 0x00000000bf49b390

Registers:
RAX=0x00000000bf49b388, RBX=0x000000000000008a, RCX=0x00000000bf49b388, RDX=0x00000000ec22c3fc
RSP=0x00000000369cc600, RBP=0x00000000ec22c1b0, RSI=0x00000000ec22c1c8, RDI=0x0000000000001077
R8 =0x0000000100011098, R9 =0x0000000000038adf, R10=0x00000000fc2f07e8, R11=0x0000000000761181
R12=0x0000000000000000, R13=0x00000000369cc800, R14=0x00000000369cc878, R15=0x000000001a50e800
RIP=0x000000000748e22f, EFLAGS=0x0000000000010202

Top of Stack: (sp=0x00000000369cc600)
0x00000000369cc600:   0000000000000002 00000000730b6792
0x00000000369cc610:   0000000100b9c8f8 000000001a50e800
0x00000000369cc620:   0000000000000001 0000000073160e3c
0x00000000369cc630:   00000000000000ab 00000000fc298b78
0x00000000369cc640:   000000001a50e9e0 00000000a28fd0a8
0x00000000369cc650:   00000000ec22c1a0 00000000ec22c1c8
0x00000000369cc660:   0000107700001077 00000000ec2303b8
0x00000000369cc670:   0000000000000089 00000000ec22c1c8
0x00000000369cc680:   00000000735a0c38 00000000ec22bb98
0x00000000369cc690:   0000000000000000 00000000ec22bb00
0x00000000369cc6a0:   00000000ec22c1b0 00000000062ac6e8
0x00000000369cc6b0:   0000000000000002 00000000369cc710
0x00000000369cc6c0:   0000000000000000 0000000000000002
0x00000000369cc6d0:   00000000a28fd0a8 00000000ec22c0c0
0x00000000369cc6e0:   000000001a50e800 0000000073062ae9
0x00000000369cc6f0:   00000000369cc828 000000000838556a 

Instructions: (pc=0x000000000748e22f)
0x000000000748e20f:   b0 7d f4 28 00 00 00 00 41 81 89 a8 02 00 00 00
0x000000000748e21f:   01 00 00 e9 ed 00 00 00 44 8b 46 08 49 c1 e0 03
0x000000000748e22f:   44 8b 48 08 49 c1 e1 03 4d 8b 80 e0 00 00 00 4d
0x000000000748e23f:   3b c8 0f 84 2e 00 00 00 41 8b 48 0c 4d 3b 04 09 


Register to memory mapping:

RAX=0x00000000bf49b388 is an unallocated location in the heap
RBX=0x000000000000008a is an unknown value
RCX=0x00000000bf49b388 is an unallocated location in the heap
RDX=0x00000000ec22c3fc is an unknown value
RSP=0x00000000369cc600 is pointing into the stack for thread: 0x000000001a50e800
RBP=0x00000000ec22c1b0 is an oop
java.util.ArrayList 
 - klass: 'java/util/ArrayList'
RSI=0x00000000ec22c1c8 is an oop
[Ljava.lang.Object; 
 - klass: 'java/lang/Object'[]
 - length: 4215
RDI=0x0000000000001077 is an unknown value
R8 =0x0000000100011098 is pointing into metadata
R9 =0x0000000000038adf is an unknown value
R10=0x00000000fc2f07e8 is an oop
java.util.concurrent.ConcurrentHashMap$Node 
 - klass: 'java/util/concurrent/ConcurrentHashMap$Node'
R11=0x0000000000761181 is an unknown value
R12=0x0000000000000000 is an unknown value
R13=0x00000000369cc800 is pointing into the stack for thread: 0x000000001a50e800
R14=0x00000000369cc878 is pointing into the stack for thread: 0x000000001a50e800
R15=0x000000001a50e800 is a thread


Stack: [0x00000000368d0000,0x00000000369d0000],  sp=0x00000000369cc600,  free space=1009k
Native frames: (J=compiled Java code, j=interpreted, Vv=VM code, C=native code)
C  0x000000000748e22f


---------------  P R O C E S S  ---------------

Java Threads: ( => current thread )
  0x000000001f004800 JavaThread "Cache worker for Java compile cache (D:\pro\AdminPanelQuiz\.gradle\5.1.1\javaCompile)" [_thread_blocked, id=4300, stack(0x00000000375d0000,0x00000000376d0000)]
  0x000000001f010000 JavaThread "stdout" daemon [_thread_in_native, id=5192, stack(0x00000000374d0000,0x00000000375d0000)]
  0x000000001f00d000 JavaThread "stderr" daemon [_thread_in_native, id=1460, stack(0x00000000373d0000,0x00000000374d0000)]
  0x000000001f00e000 JavaThread "stdout" daemon [_thread_in_native, id=5236, stack(0x00000000372d0000,0x00000000373d0000)]
  0x000000001f00c800 JavaThread "stderr" daemon [_thread_in_native, id=864, stack(0x00000000371d0000,0x00000000372d0000)]
  0x000000001f00f800 JavaThread "stdout" daemon [_thread_in_native, id=5456, stack(0x00000000370d0000,0x00000000371d0000)]
  0x000000001f011800 JavaThread "stderr" daemon [_thread_in_native, id=300, stack(0x0000000036fd0000,0x00000000370d0000)]
  0x000000001f004000 JavaThread "pool-18-thread-1" [_thread_blocked, id=8108, stack(0x0000000036ed0000,0x0000000036fd0000)]
  0x000000001a50c800 JavaThread "Cache worker for execution history cache (D:\pro\AdminPanelQuiz\.gradle\5.1.1\executionHistory)" [_thread_blocked, id=1580, stack(0x0000000036ad0000,0x0000000036bd0000)]
  0x000000001a50a000 JavaThread "Execution worker for ':' Thread 3" [_thread_in_vm, id=5856, stack(0x00000000369d0000,0x0000000036ad0000)]
=>0x000000001a50e800 JavaThread "Execution worker for ':' Thread 2" [_thread_in_Java, id=6300, stack(0x00000000368d0000,0x00000000369d0000)]
  0x000000001a50b800 JavaThread "Execution worker for ':'" [_thread_in_vm, id=2716, stack(0x00000000367d0000,0x00000000368d0000)]
  0x000000001a502000 JavaThread "Cache worker for file content cache (D:\pro\AdminPanelQuiz\.gradle\5.1.1\fileContent)" [_thread_blocked, id=4624, stack(0x00000000366d0000,0x00000000367d0000)]
  0x000000001a508800 JavaThread "Cache worker for Build Output Cleanup Cache (D:\pro\AdminPanelQuiz\.gradle\buildOutputCleanup)" [_thread_blocked, id=6276, stack(0x00000000365d0000,0x00000000366d0000)]
  0x000000001a505000 JavaThread "Build operations Thread 4" [_thread_blocked, id=8912, stack(0x00000000364d0000,0x00000000365d0000)]
  0x000000001a508000 JavaThread "Build operations Thread 3" [_thread_blocked, id=2680, stack(0x00000000363d0000,0x00000000364d0000)]
  0x000000001a500800 JavaThread "Build operations Thread 2" [_thread_blocked, id=1252, stack(0x00000000362d0000,0x00000000363d0000)]
  0x000000001a506800 JavaThread "Build operations" [_thread_blocked, id=5268, stack(0x00000000361d0000,0x00000000362d0000)]
  0x000000001a505800 JavaThread "Cache worker for cache directory md-rule (C:\Users\Syeda\.gradle\caches\5.1.1\md-rule)" [_thread_blocked, id=6656, stack(0x00000000360d0000,0x00000000361d0000)]
  0x000000001a502800 JavaThread "Cache worker for cache directory md-supplier (C:\Users\Syeda\.gradle\caches\5.1.1\md-supplier)" [_thread_blocked, id=9080, stack(0x0000000035fd0000,0x00000000360d0000)]
  0x000000001a6ec000 JavaThread "Cache worker for file hash cache (D:\pro\AdminPanelQuiz\.gradle\5.1.1\fileHashes)" [_thread_blocked, id=2616, stack(0x0000000035ed0000,0x0000000035fd0000)]
  0x000000001a6eb000 JavaThread "Thread-144" [_thread_blocked, id=7920, stack(0x0000000035dd0000,0x0000000035ed0000)]
  0x000000001a6ec800 JavaThread "Stdin handler" [_thread_blocked, id=9108, stack(0x0000000035cd0000,0x0000000035dd0000)]
  0x000000001a6ef800 JavaThread "Asynchronous log dispatcher for DefaultDaemonConnection: socket connection from /127.0.0.1:50179 to /127.0.0.1:50822" [_thread_blocked, id=5876, stack(0x0000000035bd0000,0x0000000035cd0000)]
  0x000000001a6e3800 JavaThread "Daemon worker Thread 7" [_thread_blocked, id=8944, stack(0x0000000035ad0000,0x0000000035bd0000)]
  0x000000001a6e1000 JavaThread "Cancel handler" [_thread_blocked, id=3908, stack(0x00000000359d0000,0x0000000035ad0000)]
  0x000000001a6e0800 JavaThread "Handler for socket connection from /127.0.0.1:50179 to /127.0.0.1:50822" [_thread_in_native, id=8648, stack(0x00000000358d0000,0x00000000359d0000)]
  0x000000001a6e7000 JavaThread "Daemon Thread 7" [_thread_blocked, id=6660, stack(0x00000000357d0000,0x00000000358d0000)]
  0x000000001f003000 JavaThread "Cache worker for Java compile cache (C:\Users\Syeda\.gradle\caches\5.1.1\javaCompile)" [_thread_blocked, id=2200, stack(0x000000002af50000,0x000000002b050000)]
  0x000000001a50e000 JavaThread "Cache worker for file content cache (C:\Users\Syeda\.gradle\caches\5.1.1\fileContent)" [_thread_blocked, id=3572, stack(0x0000000029f50000,0x000000002a050000)]
  0x000000001a6e4000 JavaThread "Memory manager" [_thread_blocked, id=8872, stack(0x0000000022fa0000,0x00000000230a0000)]
  0x000000001b4d3800 JavaThread "Cache worker for execution history cache (C:\Users\Syeda\.gradle\caches\5.1.1\executionHistory)" [_thread_blocked, id=1132, stack(0x0000000022180000,0x0000000022280000)]
  0x000000001b4cf000 JavaThread "Cache worker for journal cache (C:\Users\Syeda\.gradle\caches\journal-1)" [_thread_blocked, id=2688, stack(0x000000001d0b0000,0x000000001d1b0000)]
  0x000000001b4d2800 JavaThread "File lock request listener" [_thread_in_native, id=5968, stack(0x000000001cfb0000,0x000000001d0b0000)]
  0x000000001b6dc800 JavaThread "Cache worker for file hash cache (C:\Users\Syeda\.gradle\caches\5.1.1\fileHashes)" [_thread_blocked, id=6852, stack(0x000000001ceb0000,0x000000001cfb0000)]
  0x000000001b261000 JavaThread "Daemon periodic checks" [_thread_blocked, id=5852, stack(0x000000001c4b0000,0x000000001c5b0000)]
  0x000000001b260800 JavaThread "Incoming local TCP Connector on port 50179" [_thread_in_native, id=8624, stack(0x000000001bfd0000,0x000000001c0d0000)]
  0x0000000019cf0800 JavaThread "Service Thread" daemon [_thread_blocked, id=1220, stack(0x000000001a0c0000,0x000000001a1c0000)]
  0x000000001837f800 JavaThread "C1 CompilerThread2" daemon [_thread_blocked, id=8252, stack(0x0000000019bc0000,0x0000000019cc0000)]
  0x000000001837b800 JavaThread "C2 CompilerThread1" daemon [_thread_blocked, id=8432, stack(0x0000000019ac0000,0x0000000019bc0000)]
  0x0000000018377800 JavaThread "C2 CompilerThread0" daemon [_thread_in_native, id=2508, stack(0x00000000199c0000,0x0000000019ac0000)]
  0x0000000018385800 JavaThread "Attach Listener" daemon [_thread_blocked, id=4264, stack(0x00000000198c0000,0x00000000199c0000)]
  0x0000000018384000 JavaThread "Signal Dispatcher" daemon [_thread_blocked, id=1160, stack(0x00000000197c0000,0x00000000198c0000)]
  0x0000000004a0b000 JavaThread "Finalizer" daemon [_thread_blocked, id=5080, stack(0x00000000195d0000,0x00000000196d0000)]
  0x0000000004a00000 JavaThread "Reference Handler" daemon [_thread_blocked, id=3132, stack(0x00000000194d0000,0x00000000195d0000)]
  0x0000000004910800 JavaThread "main" [_thread_blocked, id=7784, stack(0x00000000047b0000,0x00000000048b0000)]

Other Threads:
  0x0000000018347000 VMThread [stack: 0x00000000193d0000,0x00000000194d0000] [id=4244]
  0x00000000183de800 WatcherThread [stack: 0x000000001a1c0000,0x000000001a2c0000] [id=6868]

VM state:synchronizing (normal execution)

VM Mutex/Monitor currently owned by a thread:  ([mutex/lock_event])
[0x00000000047ac3e0] Safepoint_lock - owner thread: 0x0000000018347000
[0x00000000047abee0] Threads_lock - owner thread: 0x0000000018347000

Heap:
 PSYoungGen      total 463360K, used 268718K [0x00000000e0000000, 0x0000000100000000, 0x0000000100000000)
  eden space 429056K, 54% used [0x00000000e0000000,0x00000000ee5274d0,0x00000000fa300000)
  from space 34304K, 99% used [0x00000000fa300000,0x00000000fc4443c0,0x00000000fc480000)
  to   space 49152K, 0% used [0x00000000fd000000,0x00000000fd000000,0x0000000100000000)
 ParOldGen       total 128512K, used 65679K [0x00000000a0000000, 0x00000000a7d80000, 0x00000000e0000000)
  object space 128512K, 51% used [0x00000000a0000000,0x00000000a4023c30,0x00000000a7d80000)
 Metaspace       used 104576K, capacity 109656K, committed 109824K, reserved 1144832K
  class space    used 12880K, capacity 13733K, committed 13824K, reserved 1048576K

Card table byte_map: [0x0000000013dd0000,0x00000000140e0000] byte_map_base: 0x00000000138d0000

Marking Bits: (ParMarkBitMap*) 0x0000000073795aa0
 Begin Bits: [0x00000000146e0000, 0x0000000015ee0000)
 End Bits:   [0x0000000015ee0000, 0x00000000176e0000)

Polling page: 0x0000000004740000

CodeCache: size=245760Kb used=79890Kb max_used=79935Kb free=165869Kb
 bounds [0x0000000004a10000, 0x0000000009890000, 0x0000000013a10000]
 total_blobs=22461 nmethods=21541 adapters=830
 compilation: enabled

Compilation events (10 events):
Event: 4893.763 Thread 0x0000000018377800 nmethod 28084 0x000000000983e1d0 code [0x000000000983e520, 0x00000000098406b8]
Event: 4893.766 Thread 0x0000000018377800 27921       4       com.android.tools.r8.ir.code.DominatorTree::<init> (375 bytes)
Event: 4893.797 Thread 0x000000001837f800 28087       1       com.android.tools.r8.ir.conversion.OptimizationFeedbackSimple::methodNeverReturnsNull (1 bytes)
Event: 4893.797 Thread 0x000000001837f800 nmethod 28087 0x00000000055c18d0 code [0x00000000055c1a20, 0x00000000055c1b30]
Event: 4893.826 Thread 0x0000000018377800 nmethod 27921 0x0000000009843910 code [0x0000000009843ba0, 0x0000000009844ff8]
Event: 4893.829 Thread 0x0000000018377800 28086       4       com.android.tools.r8.ir.optimize.CodeRewriter::rewriteSwitch (867 bytes)
Event: 4894.078 Thread 0x000000001837f800 28093 %     3       com.android.tools.r8.ir.optimize.DeadCodeRemover::removeDeadPhis @ 57 (99 bytes)
Event: 4894.080 Thread 0x000000001837f800 nmethod 28093% 0x00000000098171d0 code [0x0000000009817460, 0x00000000098187a8]
Event: 4894.083 Thread 0x000000001837f800 28094       3       com.android.tools.r8.ir.optimize.DeadCodeRemover::removeDeadPhis (99 bytes)
Event: 4894.085 Thread 0x000000001837f800 nmethod 28094 0x00000000097dac10 code [0x00000000097daea0, 0x00000000097dc0a8]

GC Heap History (10 events):
Event: 4884.797 GC heap before
{Heap before GC invocations=45 (full 4):
 PSYoungGen      total 483328K, used 463312K [0x00000000e0000000, 0x00000000ffc80000, 0x0000000100000000)
  eden space 448000K, 100% used [0x00000000e0000000,0x00000000fb580000,0x00000000fb580000)
  from space 35328K, 43% used [0x00000000fda00000,0x00000000fe8f4148,0x00000000ffc80000)
  to   space 36352K, 0% used [0x00000000fb580000,0x00000000fb580000,0x00000000fd900000)
 ParOldGen       total 128512K, used 64320K [0x00000000a0000000, 0x00000000a7d80000, 0x00000000e0000000)
  object space 128512K, 50% used [0x00000000a0000000,0x00000000a3ed0010,0x00000000a7d80000)
 Metaspace       used 104349K, capacity 109460K, committed 109568K, reserved 1144832K
  class space    used 12872K, capacity 13733K, committed 13824K, reserved 1048576K
Event: 4884.865 GC heap after
Heap after GC invocations=45 (full 4):
 PSYoungGen      total 484352K, used 24320K [0x00000000e0000000, 0x0000000100000000, 0x0000000100000000)
  eden space 448000K, 0% used [0x00000000e0000000,0x00000000e0000000,0x00000000fb580000)
  from space 36352K, 66% used [0x00000000fb580000,0x00000000fcd40230,0x00000000fd900000)
  to   space 36864K, 0% used [0x00000000fdc00000,0x00000000fdc00000,0x0000000100000000)
 ParOldGen       total 128512K, used 64328K [0x00000000a0000000, 0x00000000a7d80000, 0x00000000e0000000)
  object space 128512K, 50% used [0x00000000a0000000,0x00000000a3ed2010,0x00000000a7d80000)
 Metaspace       used 104349K, capacity 109460K, committed 109568K, reserved 1144832K
  class space    used 12872K, capacity 13733K, committed 13824K, reserved 1048576K
}
Event: 4890.289 GC heap before
{Heap before GC invocations=46 (full 4):
 PSYoungGen      total 484352K, used 472320K [0x00000000e0000000, 0x0000000100000000, 0x0000000100000000)
  eden space 448000K, 100% used [0x00000000e0000000,0x00000000fb580000,0x00000000fb580000)
  from space 36352K, 66% used [0x00000000fb580000,0x00000000fcd40230,0x00000000fd900000)
  to   space 36864K, 0% used [0x00000000fdc00000,0x00000000fdc00000,0x0000000100000000)
 ParOldGen       total 128512K, used 64328K [0x00000000a0000000, 0x00000000a7d80000, 0x00000000e0000000)
  object space 128512K, 50% used [0x00000000a0000000,0x00000000a3ed2010,0x00000000a7d80000)
 Metaspace       used 104564K, capacity 109652K, committed 109824K, reserved 1144832K
  class space    used 12880K, capacity 13733K, committed 13824K, reserved 1048576K
Event: 4890.427 GC heap after
Heap after GC invocations=46 (full 4):
 PSYoungGen      total 478208K, used 35887K [0x00000000e0000000, 0x0000000100000000, 0x0000000100000000)
  eden space 441344K, 0% used [0x00000000e0000000,0x00000000e0000000,0x00000000faf00000)
  from space 36864K, 97% used [0x00000000fdc00000,0x00000000fff0be90,0x0000000100000000)
  to   space 41472K, 0% used [0x00000000faf00000,0x00000000faf00000,0x00000000fd780000)
 ParOldGen       total 128512K, used 64336K [0x00000000a0000000, 0x00000000a7d80000, 0x00000000e0000000)
  object space 128512K, 50% used [0x00000000a0000000,0x00000000a3ed4010,0x00000000a7d80000)
 Metaspace       used 104564K, capacity 109652K, committed 109824K, reserved 1144832K
  class space    used 12880K, capacity 13733K, committed 13824K, reserved 1048576K
}
Event: 4891.799 GC heap before
{Heap before GC invocations=47 (full 4):
 PSYoungGen      total 478208K, used 477231K [0x00000000e0000000, 0x0000000100000000, 0x0000000100000000)
  eden space 441344K, 100% used [0x00000000e0000000,0x00000000faf00000,0x00000000faf00000)
  from space 36864K, 97% used [0x00000000fdc00000,0x00000000fff0be90,0x0000000100000000)
  to   space 41472K, 0% used [0x00000000faf00000,0x00000000faf00000,0x00000000fd780000)
 ParOldGen       total 128512K, used 64336K [0x00000000a0000000, 0x00000000a7d80000, 0x00000000e0000000)
  object space 128512K, 50% used [0x00000000a0000000,0x00000000a3ed4010,0x00000000a7d80000)
 Metaspace       used 104569K, capacity 109656K, committed 109824K, reserved 1144832K
  class space    used 12880K, capacity 13733K, committed 13824K, reserved 1048576K
Event: 4891.870 GC heap after
Heap after GC invocations=47 (full 4):
 PSYoungGen      total 477696K, used 35854K [0x00000000e0000000, 0x0000000100000000, 0x0000000100000000)
  eden space 441344K, 0% used [0x00000000e0000000,0x00000000e0000000,0x00000000faf00000)
  from space 36352K, 98% used [0x00000000faf00000,0x00000000fd203be0,0x00000000fd280000)
  to   space 45056K, 0% used [0x00000000fd400000,0x00000000fd400000,0x0000000100000000)
 ParOldGen       total 128512K, used 64808K [0x00000000a0000000, 0x00000000a7d80000, 0x00000000e0000000)
  object space 128512K, 50% used [0x00000000a0000000,0x00000000a3f4a040,0x00000000a7d80000)
 Metaspace       used 104569K, capacity 109656K, committed 109824K, reserved 1144832K
  class space    used 12880K, capacity 13733K, committed 13824K, reserved 1048576K
}
Event: 4893.478 GC heap before
{Heap before GC invocations=48 (full 4):
 PSYoungGen      total 477696K, used 477198K [0x00000000e0000000, 0x0000000100000000, 0x0000000100000000)
  eden space 441344K, 100% used [0x00000000e0000000,0x00000000faf00000,0x00000000faf00000)
  from space 36352K, 98% used [0x00000000faf00000,0x00000000fd203be0,0x00000000fd280000)
  to   space 45056K, 0% used [0x00000000fd400000,0x00000000fd400000,0x0000000100000000)
 ParOldGen       total 128512K, used 64815K [0x00000000a0000000, 0x00000000a7d80000, 0x00000000e0000000)
  object space 128512K, 50% used [0x00000000a0000000,0x00000000a3f4bc20,0x00000000a7d80000)
 Metaspace       used 104576K, capacity 109656K, committed 109824K, reserved 1144832K
  class space    used 12880K, capacity 13733K, committed 13824K, reserved 1048576K
Event: 4893.523 GC heap after
Heap after GC invocations=48 (full 4):
 PSYoungGen      total 474112K, used 34997K [0x00000000e0000000, 0x0000000100000000, 0x0000000100000000)
  eden space 429056K, 0% used [0x00000000e0000000,0x00000000e0000000,0x00000000fa300000)
  from space 45056K, 77% used [0x00000000fd400000,0x00000000ff62d7a8,0x0000000100000000)
  to   space 47616K, 0% used [0x00000000fa300000,0x00000000fa300000,0x00000000fd180000)
 ParOldGen       total 128512K, used 65151K [0x00000000a0000000, 0x00000000a7d80000, 0x00000000e0000000)
  object space 128512K, 50% used [0x00000000a0000000,0x00000000a3f9fc30,0x00000000a7d80000)
 Metaspace       used 104576K, capacity 109656K, committed 109824K, reserved 1144832K
  class space    used 12880K, capacity 13733K, committed 13824K, reserved 1048576K
}
Event: 4893.559 GC heap before
{Heap before GC invocations=49 (full 4):
 PSYoungGen      total 474112K, used 69427K [0x00000000e0000000, 0x0000000100000000, 0x0000000100000000)
  eden space 429056K, 8% used [0x00000000e0000000,0x00000000e219f678,0x00000000fa300000)
  from space 45056K, 77% used [0x00000000fd400000,0x00000000ff62d7a8,0x0000000100000000)
  to   space 47616K, 0% used [0x00000000fa300000,0x00000000fa300000,0x00000000fd180000)
 ParOldGen       total 128512K, used 65151K [0x00000000a0000000, 0x00000000a7d80000, 0x00000000e0000000)
  object space 128512K, 50% used [0x00000000a0000000,0x00000000a3f9fc30,0x00000000a7d80000)
 Metaspace       used 104576K, capacity 109656K, committed 109824K, reserved 1144832K
  class space    used 12880K, capacity 13733K, committed 13824K, reserved 1048576K
Event: 4893.606 GC heap after
Heap after GC invocations=49 (full 4):
 PSYoungGen      total 463360K, used 34064K [0x00000000e0000000, 0x0000000100000000, 0x0000000100000000)
  eden space 429056K, 0% used [0x00000000e0000000,0x00000000e0000000,0x00000000fa300000)
  from space 34304K, 99% used [0x00000000fa300000,0x00000000fc4443c0,0x00000000fc480000)
  to   space 49152K, 0% used [0x00000000fd000000,0x00000000fd000000,0x0000000100000000)
 ParOldGen       total 128512K, used 65679K [0x00000000a0000000, 0x00000000a7d80000, 0x00000000e0000000)
  object space 128512K, 51% used [0x00000000a0000000,0x00000000a4023c30,0x00000000a7d80000)
 Metaspace       used 104576K, capacity 109656K, committed 109824K, reserved 1144832K
  class space    used 12880K, capacity 13733K, committed 13824K, reserved 1048576K
}

Deoptimization events (10 events):
Event: 4889.445 Thread 0x000000001a50b800 Uncommon trap: reason=array_check action=maybe_recompile pc=0x000000000597b954 method=java.util.TimSort.mergeHi(IIII)V @ 419
Event: 4890.977 Thread 0x000000001a50b800 Uncommon trap: reason=array_check action=maybe_recompile pc=0x000000000979749c method=java.util.TimSort.mergeHi(IIII)V @ 524
Event: 4890.977 Thread 0x000000001a50b800 Uncommon trap: reason=array_check action=maybe_recompile pc=0x00000000097975ac method=java.util.TimSort.mergeHi(IIII)V @ 171
Event: 4890.977 Thread 0x000000001a50b800 Uncommon trap: reason=array_check action=maybe_recompile pc=0x00000000097975ac method=java.util.TimSort.mergeHi(IIII)V @ 171
Event: 4892.458 Thread 0x000000001a50a000 Uncommon trap: reason=array_check action=maybe_recompile pc=0x00000000080974fc method=java.util.TimSort.mergeLo(IIII)V @ 245
Event: 4892.573 Thread 0x000000001a50a000 Uncommon trap: reason=array_check action=maybe_recompile pc=0x00000000097f7910 method=java.util.TimSort.mergeLo(IIII)V @ 375
Event: 4892.573 Thread 0x000000001a50a000 Uncommon trap: reason=array_check action=maybe_recompile pc=0x00000000097f7910 method=java.util.TimSort.mergeLo(IIII)V @ 375
Event: 4892.574 Thread 0x000000001a50a000 Uncommon trap: reason=array_check action=maybe_recompile pc=0x00000000097d84ec method=java.util.TimSort.mergeHi(IIII)V @ 657
Event: 4892.574 Thread 0x000000001a50a000 Uncommon trap: reason=array_check action=maybe_recompile pc=0x00000000097d84ec method=java.util.TimSort.mergeHi(IIII)V @ 657
Event: 4892.955 Thread 0x000000001a6e3800 Uncommon trap: reason=array_check action=maybe_recompile pc=0x0000000008aba42c method=java.util.TimSort.mergeHi(IIII)V @ 419

Classes redefined (0 events):
No events

Internal exceptions (10 events):
Event: 4890.479 Thread 0x000000001a50b800 Exception <a 'sun/nio/fs/WindowsException'> (0x00000000e11ec9d0) thrown at [D:\src\AOSP-openjdk-cygwin\jdk8u\hotspot\src\share\vm\prims\jni.cpp, line 709]
Event: 4890.981 Thread 0x000000001a50b800 Exception <a 'sun/nio/fs/WindowsException'> (0x00000000eabdf870) thrown at [D:\src\AOSP-openjdk-cygwin\jdk8u\hotspot\src\share\vm\prims\jni.cpp, line 709]
Event: 4891.152 Thread 0x000000001a6e3800 Exception <a 'sun/nio/fs/WindowsException'> (0x00000000ecb4b360) thrown at [D:\src\AOSP-openjdk-cygwin\jdk8u\hotspot\src\share\vm\prims\jni.cpp, line 709]
Event: 4891.468 Thread 0x000000001a6e3800 Exception <a 'sun/nio/fs/WindowsException'> (0x00000000ecc15b58) thrown at [D:\src\AOSP-openjdk-cygwin\jdk8u\hotspot\src\share\vm\prims\jni.cpp, line 709]
Event: 4891.479 Thread 0x000000001a6e3800 Exception <a 'sun/nio/fs/WindowsException'> (0x00000000f4c037b8) thrown at [D:\src\AOSP-openjdk-cygwin\jdk8u\hotspot\src\share\vm\prims\jni.cpp, line 709]
Event: 4891.611 Thread 0x000000001a50b800 Exception <a 'sun/nio/fs/WindowsException'> (0x00000000f714a650) thrown at [D:\src\AOSP-openjdk-cygwin\jdk8u\hotspot\src\share\vm\prims\jni.cpp, line 709]
Event: 4892.588 Thread 0x000000001a50a000 Exception <a 'sun/nio/fs/WindowsException'> (0x00000000e6ef1f70) thrown at [D:\src\AOSP-openjdk-cygwin\jdk8u\hotspot\src\share\vm\prims\jni.cpp, line 709]
Event: 4892.598 Thread 0x000000001a6e3800 Exception <a 'sun/nio/fs/WindowsException'> (0x00000000e755e4a8) thrown at [D:\src\AOSP-openjdk-cygwin\jdk8u\hotspot\src\share\vm\prims\jni.cpp, line 709]
Event: 4892.959 Thread 0x000000001a6e3800 Exception <a 'sun/nio/fs/WindowsException'> (0x00000000ed62f2e0) thrown at [D:\src\AOSP-openjdk-cygwin\jdk8u\hotspot\src\share\vm\prims\jni.cpp, line 709]
Event: 4893.665 Thread 0x000000001a50a000 Exception <a 'sun/nio/fs/WindowsException'> (0x00000000e30272f0) thrown at [D:\src\AOSP-openjdk-cygwin\jdk8u\hotspot\src\share\vm\prims\jni.cpp, line 709]

Events (10 events):
Event: 4893.733 Thread 0x000000001a50a000 DEOPT UNPACKING pc=0x0000000004a575d0 sp=0x0000000036acc4e8 mode 0
Event: 4893.764 Thread 0x0000000018377800 flushing nmethod 0x00000000055c16d0
Event: 4893.827 Thread 0x0000000018377800 flushing nmethod 0x0000000005cada50
Event: 4893.830 Thread 0x000000001a50a000 DEOPT PACKING pc=0x000000000746c02c sp=0x0000000036acc1d0
Event: 4893.830 Thread 0x000000001a50a000 DEOPT UNPACKING pc=0x0000000004a575d0 sp=0x0000000036acbf38 mode 0
Event: 4894.082 Thread 0x000000001837f800 flushing nmethod 0x00000000062493d0
Event: 4894.083 Thread 0x000000001837f800 flushing nmethod 0x00000000062f1bd0
Event: 4894.086 Thread 0x000000001837f800 flushing nmethod 0x000000000645b390
Event: 4894.088 Thread 0x000000001a50a000 DEOPT PACKING pc=0x00000000084272f4 sp=0x0000000036acc4c0
Event: 4894.088 Thread 0x000000001a50a000 DEOPT UNPACKING pc=0x0000000004a575d0 sp=0x0000000036acc258 mode 0


Dynamic libraries:
0x00007ff7bcc20000 - 0x00007ff7bcc51000 	D:\Android Studio\jre\bin\java.exe
0x00007ffa3b7b0000 - 0x00007ffa3b990000 	C:\Windows\SYSTEM32\ntdll.dll
0x00007ffa3a990000 - 0x00007ffa3aa3e000 	C:\Windows\System32\KERNEL32.DLL
0x00007ffa37cd0000 - 0x00007ffa37f36000 	C:\Windows\System32\KERNELBASE.dll
0x00007ffa3b500000 - 0x00007ffa3b5a1000 	C:\Windows\System32\ADVAPI32.dll
0x00007ffa3abf0000 - 0x00007ffa3ac8d000 	C:\Windows\System32\msvcrt.dll
0x00007ffa3a930000 - 0x00007ffa3a98b000 	C:\Windows\System32\sechost.dll
0x00007ffa38c80000 - 0x00007ffa38d9f000 	C:\Windows\System32\RPCRT4.dll
0x00007ffa3aa60000 - 0x00007ffa3abef000 	C:\Windows\System32\USER32.dll
0x00007ffa37cb0000 - 0x00007ffa37cd0000 	C:\Windows\System32\win32u.dll
0x00007ffa3af80000 - 0x00007ffa3afa8000 	C:\Windows\System32\GDI32.dll
0x00007ffa38ae0000 - 0x00007ffa38c73000 	C:\Windows\System32\gdi32full.dll
0x00007ffa38990000 - 0x00007ffa38a2b000 	C:\Windows\System32\msvcp_win.dll
0x00007ffa37bb0000 - 0x00007ffa37ca4000 	C:\Windows\System32\ucrtbase.dll
0x00007ffa25bc0000 - 0x00007ffa25e29000 	C:\Windows\WinSxS\amd64_microsoft.windows.common-controls_6595b64144ccf1df_6.0.16299.1217_none_0f8972685a6bd8f8\COMCTL32.dll
0x00007ffa3afb0000 - 0x00007ffa3b2b6000 	C:\Windows\System32\combase.dll
0x00007ffa38910000 - 0x00007ffa38982000 	C:\Windows\System32\bcryptPrimitives.dll
0x00007ffa3af50000 - 0x00007ffa3af7d000 	C:\Windows\System32\IMM32.DLL
0x0000000072ef0000 - 0x0000000072fc2000 	D:\Android Studio\jre\jre\bin\msvcr100.dll
0x0000000072fd0000 - 0x0000000073811000 	D:\Android Studio\jre\jre\bin\server\jvm.dll
0x00007ffa3ac90000 - 0x00007ffa3ac98000 	C:\Windows\System32\PSAPI.DLL
0x00007ffa2bc00000 - 0x00007ffa2bc0a000 	C:\Windows\SYSTEM32\VERSION.dll
0x00007ffa34900000 - 0x00007ffa34923000 	C:\Windows\SYSTEM32\WINMM.dll
0x00007ffa1e630000 - 0x00007ffa1e639000 	C:\Windows\SYSTEM32\WSOCK32.dll
0x00007ffa3b5b0000 - 0x00007ffa3b61c000 	C:\Windows\System32\WS2_32.dll
0x00007ffa348a0000 - 0x00007ffa348ca000 	C:\Windows\SYSTEM32\WINMMBASE.dll
0x00007ffa37f40000 - 0x00007ffa37f8a000 	C:\Windows\System32\cfgmgr32.dll
0x00007ffa1e340000 - 0x00007ffa1e34f000 	D:\Android Studio\jre\jre\bin\verify.dll
0x00007ffa19cc0000 - 0x00007ffa19ce9000 	D:\Android Studio\jre\jre\bin\java.dll
0x00007ffa1c390000 - 0x00007ffa1c3a6000 	D:\Android Studio\jre\jre\bin\zip.dll
0x00007ffa38da0000 - 0x00007ffa3a1d8000 	C:\Windows\System32\SHELL32.dll
0x00007ffa3b2c0000 - 0x00007ffa3b366000 	C:\Windows\System32\shcore.dll
0x00007ffa38160000 - 0x00007ffa388a7000 	C:\Windows\System32\windows.storage.dll
0x00007ffa3a630000 - 0x00007ffa3a681000 	C:\Windows\System32\shlwapi.dll
0x00007ffa37b00000 - 0x00007ffa37b11000 	C:\Windows\System32\kernel.appcore.dll
0x00007ffa37b40000 - 0x00007ffa37b8c000 	C:\Windows\System32\powrprof.dll
0x00007ffa37b20000 - 0x00007ffa37b3b000 	C:\Windows\System32\profapi.dll
0x00007ffa315d0000 - 0x00007ffa315ea000 	D:\Android Studio\jre\jre\bin\net.dll
0x00007ffa37390000 - 0x00007ffa373f6000 	C:\Windows\system32\mswsock.dll
0x00007ffa30ed0000 - 0x00007ffa30ee1000 	D:\Android Studio\jre\jre\bin\nio.dll
0x00007ffa31590000 - 0x00007ffa315ae000 	C:\Users\Syeda\.gradle\native\25\windows-amd64\native-platform.dll
0x00007ffa315c0000 - 0x00007ffa315cd000 	D:\Android Studio\jre\jre\bin\management.dll
0x00007ffa37550000 - 0x00007ffa37567000 	C:\Windows\SYSTEM32\CRYPTSP.dll
0x00007ffa36f90000 - 0x00007ffa36fc3000 	C:\Windows\system32\rsaenh.dll
0x00007ffa37660000 - 0x00007ffa37685000 	C:\Windows\SYSTEM32\bcrypt.dll
0x00007ffa37a00000 - 0x00007ffa37a29000 	C:\Windows\SYSTEM32\USERENV.dll
0x00007ffa37570000 - 0x00007ffa3757b000 	C:\Windows\SYSTEM32\CRYPTBASE.dll
0x00007ffa37120000 - 0x00007ffa37159000 	C:\Windows\SYSTEM32\IPHLPAPI.DLL
0x00007ffa3aee0000 - 0x00007ffa3aee8000 	C:\Windows\System32\NSI.dll
0x00007ffa32a50000 - 0x00007ffa32a66000 	C:\Windows\SYSTEM32\dhcpcsvc6.DLL
0x00007ffa33580000 - 0x00007ffa3359a000 	C:\Windows\SYSTEM32\dhcpcsvc.DLL
0x00007ffa2f5d0000 - 0x00007ffa2f5f4000 	D:\Android Studio\jre\jre\bin\sunec.dll
0x00007ffa37160000 - 0x00007ffa37216000 	C:\Windows\SYSTEM32\DNSAPI.dll
0x00007ffa315f0000 - 0x00007ffa315fa000 	C:\Windows\System32\rasadhlp.dll
0x00007ffa30f40000 - 0x00007ffa30fb0000 	C:\Windows\System32\fwpuclnt.dll
0x00007ffa34940000 - 0x00007ffa3494b000 	D:\Android Studio\jre\jre\bin\sunmscapi.dll
0x00007ffa37f90000 - 0x00007ffa3815e000 	C:\Windows\System32\CRYPT32.dll
0x00007ffa37b90000 - 0x00007ffa37ba2000 	C:\Windows\System32\MSASN1.dll
0x00007ffa282e0000 - 0x00007ffa284a8000 	C:\Windows\SYSTEM32\dbghelp.dll

VM Arguments:
jvm_args: -Xmx1536m -Dfile.encoding=windows-1252 -Duser.country=US -Duser.language=en -Duser.variant 
java_command: org.gradle.launcher.daemon.bootstrap.GradleDaemon 5.1.1
java_class_path (initial): C:\Users\Syeda\.gradle\wrapper\dists\gradle-5.1.1-all\97z1ksx6lirer3kbvdnh7jtjg\gradle-5.1.1\lib\gradle-launcher-5.1.1.jar
Launcher Type: SUN_STANDARD

Environment Variables:
PATH=C:\Windows\system32;C:\Windows;C:\Windows\System32\Wbem;C:\Windows\System32\WindowsPowerShell\v1.0\;C:\Program Files\Git\cmd;C:\Users\Syeda\AppData\Local\Microsoft\WindowsApps;
USERNAME=Syeda
OS=Windows_NT
PROCESSOR_IDENTIFIER=Intel64 Family 6 Model 42 Stepping 7, GenuineIntel



---------------  S Y S T E M  ---------------

OS: Windows 10.0 , 64 bit Build 16299 (10.0.16299.1146)

CPU:total 4 (initial active 4) (2 cores per cpu, 2 threads per core) family 6 model 42 stepping 7, cmov, cx8, fxsr, mmx, sse, sse2, sse3, ssse3, sse4.1, sse4.2, popcnt, avx, aes, clmul, ht, tsc, tscinvbit

Memory: 4k page, physical 4096912k(415672k free), swap 9077648k(2999020k free)

vm_info: OpenJDK 64-Bit Server VM (25.152-b01) for windows-amd64 JRE (1.8.0_152-release-1343-b01), built by "builder" with MS VC++ 10.0 (VS2010)

time: Tue Aug 20 12:55:05 2019
elapsed time: 4894 seconds (0d 1h 21m 34s)

